<?xml version="1.0" encoding="UTF-8"?>
<testsuite name="Scenario: User calls a rest endpoint to create new equipment with invalid format" tests="5" skipped="0" failures="0" errors="0" timestamp="2018-09-20T09:32:57" hostname="bahy-HP-255-G2-Notebook-PC" time="0.039">
  <properties/>
  <testcase name="When user authenticate with password &quot;test&quot;" classname="Scenario: User calls a rest endpoint to create new equipment with invalid format" time="0.0"/>
  <testcase name="Then the response status code should be 200" classname="Scenario: User calls a rest endpoint to create new equipment with invalid format" time="0.0"/>
  <testcase name="When user sends POST request to endpoint /equipment/ with content-type application/json and empty headers and body {&quot;equipment_id&quot;:&quot;2w2Y2071&quot;,&quot;valve&quot;:&quot;new&quot;,&quot;actuator&quot; :,&quot;postioner&quot;:&quot;new&quot;,&quot;sensor&quot;:&quot;new&quot;}" classname="Scenario: User calls a rest endpoint to create new equipment with invalid format" time="0.0"/>
  <testcase name="Then the response status code should be 400" classname="Scenario: User calls a rest endpoint to create new equipment with invalid format" time="0.001"/>
  <testcase name="classMethod" classname="Scenario: User calls a rest endpoint to create new equipment with invalid format" time="0.147"/>
  <system-out><![CDATA[?[2m2018-09-20 11:32:57.437?[0;39m ?[32m INFO?[0;39m ?[35m6103?[0;39m ?[2m---?[0;39m ?[2m[    Test worker]?[0;39m ?[36mo.s.t.c.support.AbstractContextLoader   ?[0;39m ?[2m:?[0;39m Could not detect default resource locations for test class [memphis.AbstractIntegrationTest]: no resource found for suffixes {-context.xml, Context.groovy}.
?[2m2018-09-20 11:32:57.461?[0;39m ?[32m INFO?[0;39m ?[35m6103?[0;39m ?[2m---?[0;39m ?[2m[    Test worker]?[0;39m ?[36m.b.t.c.SpringBootTestContextBootstrapper?[0;39m ?[2m:?[0;39m Loaded default TestExecutionListener class names from location [META-INF/spring.factories]: [org.springframework.boot.test.autoconfigure.restdocs.RestDocsTestExecutionListener, org.springframework.boot.test.autoconfigure.web.client.MockRestServiceServerResetTestExecutionListener, org.springframework.boot.test.autoconfigure.web.servlet.MockMvcPrintOnlyOnFailureTestExecutionListener, org.springframework.boot.test.autoconfigure.web.servlet.WebDriverTestExecutionListener, org.springframework.boot.test.mock.mockito.MockitoTestExecutionListener, org.springframework.boot.test.mock.mockito.ResetMocksTestExecutionListener, org.springframework.test.context.web.ServletTestExecutionListener, org.springframework.test.context.support.DirtiesContextBeforeModesTestExecutionListener, org.springframework.test.context.support.DependencyInjectionTestExecutionListener, org.springframework.test.context.support.DirtiesContextTestExecutionListener, org.springframework.test.context.transaction.TransactionalTestExecutionListener, org.springframework.test.context.jdbc.SqlScriptsTestExecutionListener]
?[2m2018-09-20 11:32:57.470?[0;39m ?[32m INFO?[0;39m ?[35m6103?[0;39m ?[2m---?[0;39m ?[2m[    Test worker]?[0;39m ?[36m.b.t.c.SpringBootTestContextBootstrapper?[0;39m ?[2m:?[0;39m Using TestExecutionListeners: [org.springframework.test.context.web.ServletTestExecutionListener@4d1cfc2a, org.springframework.test.context.support.DirtiesContextBeforeModesTestExecutionListener@76d7024f, org.springframework.boot.test.mock.mockito.MockitoTestExecutionListener@671eb2ea, org.springframework.boot.test.autoconfigure.SpringBootDependencyInjectionTestExecutionListener@2eb240e4, org.springframework.test.context.support.DirtiesContextTestExecutionListener@4e504b4, org.springframework.test.context.transaction.TransactionalTestExecutionListener@4a6ebb1d, org.springframework.test.context.jdbc.SqlScriptsTestExecutionListener@58f5d958, org.springframework.boot.test.autoconfigure.restdocs.RestDocsTestExecutionListener@647c07c2, org.springframework.boot.test.autoconfigure.web.client.MockRestServiceServerResetTestExecutionListener@48906f5d, org.springframework.boot.test.autoconfigure.web.servlet.MockMvcPrintOnlyOnFailureTestExecutionListener@77198301, org.springframework.boot.test.autoconfigure.web.servlet.WebDriverTestExecutionListener@1d0aba3, org.springframework.boot.test.mock.mockito.ResetMocksTestExecutionListener@516ee4c]
?[2m2018-09-20 11:32:57.471?[0;39m ?[32m INFO?[0;39m ?[35m6103?[0;39m ?[2m---?[0;39m ?[2m[    Test worker]?[0;39m ?[36mo.s.b.f.s.DefaultListableBeanFactory    ?[0;39m ?[2m:?[0;39m Replacing scope 'cucumber-glue' from [cucumber.runtime.java.spring.GlueCodeScope@77f2487] to [cucumber.runtime.java.spring.GlueCodeScope@4e378334]
before implementation
Hibernate: select equipment0_.equipment_id as equipmen1_0_, equipment0_.actuator as actuator2_0_, equipment0_.postioner as postione3_0_, equipment0_.sensor as sensor4_0_, equipment0_.valve as valve5_0_ from equipment equipment0_
Hibernate: delete from equipment where equipment_id=?
]]></system-out>
  <system-err><![CDATA[]]></system-err>
</testsuite>
