<?xml version="1.0" encoding="UTF-8"?>
<testsuite name="Scenario: User calls a rest endpoint to update an equipment according to given equipment_id ith invalid format" tests="6" skipped="0" failures="0" errors="0" timestamp="2018-09-20T09:32:57" hostname="bahy-HP-255-G2-Notebook-PC" time="0.083">
  <properties/>
  <testcase name="When user authenticate with password &quot;test&quot;" classname="Scenario: User calls a rest endpoint to update an equipment according to given equipment_id ith invalid format" time="0.002"/>
  <testcase name="Then the response status code should be 200" classname="Scenario: User calls a rest endpoint to update an equipment according to given equipment_id ith invalid format" time="0.001"/>
  <testcase name="Given the following equipments" classname="Scenario: User calls a rest endpoint to update an equipment according to given equipment_id ith invalid format" time="0.0"/>
  <testcase name="When user sends PUT request to endpoint /equipment/22Y2071 with content-type application/json and empty headers and body {&quot;valve&quot;: &quot;test&quot;, &quot;actuator&quot; :,&quot;postioner&quot;:&quot;test&quot;,&quot;sensor&quot;:&quot;test&quot;}" classname="Scenario: User calls a rest endpoint to update an equipment according to given equipment_id ith invalid format" time="0.0"/>
  <testcase name="Then the response status code should be 400" classname="Scenario: User calls a rest endpoint to update an equipment according to given equipment_id ith invalid format" time="0.0"/>
  <testcase name="classMethod" classname="Scenario: User calls a rest endpoint to update an equipment according to given equipment_id ith invalid format" time="0.202"/>
  <system-out><![CDATA[?[2m2018-09-20 11:32:57.023?[0;39m ?[32m INFO?[0;39m ?[35m6103?[0;39m ?[2m---?[0;39m ?[2m[    Test worker]?[0;39m ?[36mo.s.t.c.support.AbstractContextLoader   ?[0;39m ?[2m:?[0;39m Could not detect default resource locations for test class [memphis.AbstractIntegrationTest]: no resource found for suffixes {-context.xml, Context.groovy}.
?[2m2018-09-20 11:32:57.052?[0;39m ?[32m INFO?[0;39m ?[35m6103?[0;39m ?[2m---?[0;39m ?[2m[    Test worker]?[0;39m ?[36m.b.t.c.SpringBootTestContextBootstrapper?[0;39m ?[2m:?[0;39m Loaded default TestExecutionListener class names from location [META-INF/spring.factories]: [org.springframework.boot.test.autoconfigure.restdocs.RestDocsTestExecutionListener, org.springframework.boot.test.autoconfigure.web.client.MockRestServiceServerResetTestExecutionListener, org.springframework.boot.test.autoconfigure.web.servlet.MockMvcPrintOnlyOnFailureTestExecutionListener, org.springframework.boot.test.autoconfigure.web.servlet.WebDriverTestExecutionListener, org.springframework.boot.test.mock.mockito.MockitoTestExecutionListener, org.springframework.boot.test.mock.mockito.ResetMocksTestExecutionListener, org.springframework.test.context.web.ServletTestExecutionListener, org.springframework.test.context.support.DirtiesContextBeforeModesTestExecutionListener, org.springframework.test.context.support.DependencyInjectionTestExecutionListener, org.springframework.test.context.support.DirtiesContextTestExecutionListener, org.springframework.test.context.transaction.TransactionalTestExecutionListener, org.springframework.test.context.jdbc.SqlScriptsTestExecutionListener]
?[2m2018-09-20 11:32:57.054?[0;39m ?[32m INFO?[0;39m ?[35m6103?[0;39m ?[2m---?[0;39m ?[2m[    Test worker]?[0;39m ?[36m.b.t.c.SpringBootTestContextBootstrapper?[0;39m ?[2m:?[0;39m Using TestExecutionListeners: [org.springframework.test.context.web.ServletTestExecutionListener@2c0d0923, org.springframework.test.context.support.DirtiesContextBeforeModesTestExecutionListener@401f8441, org.springframework.boot.test.mock.mockito.MockitoTestExecutionListener@364e871b, org.springframework.boot.test.autoconfigure.SpringBootDependencyInjectionTestExecutionListener@36f8efd9, org.springframework.test.context.support.DirtiesContextTestExecutionListener@7278bc34, org.springframework.test.context.transaction.TransactionalTestExecutionListener@4ef913b6, org.springframework.test.context.jdbc.SqlScriptsTestExecutionListener@c4d332d, org.springframework.boot.test.autoconfigure.restdocs.RestDocsTestExecutionListener@7d3a835a, org.springframework.boot.test.autoconfigure.web.client.MockRestServiceServerResetTestExecutionListener@4a9409d5, org.springframework.boot.test.autoconfigure.web.servlet.MockMvcPrintOnlyOnFailureTestExecutionListener@4c76c792, org.springframework.boot.test.autoconfigure.web.servlet.WebDriverTestExecutionListener@2947516a, org.springframework.boot.test.mock.mockito.ResetMocksTestExecutionListener@ce274b]
?[2m2018-09-20 11:32:57.055?[0;39m ?[32m INFO?[0;39m ?[35m6103?[0;39m ?[2m---?[0;39m ?[2m[    Test worker]?[0;39m ?[36mo.s.b.f.s.DefaultListableBeanFactory    ?[0;39m ?[2m:?[0;39m Replacing scope 'cucumber-glue' from [cucumber.runtime.java.spring.GlueCodeScope@708292a] to [cucumber.runtime.java.spring.GlueCodeScope@6afe4c26]
before implementation
Hibernate: select equipment0_.equipment_id as equipmen1_0_, equipment0_.actuator as actuator2_0_, equipment0_.postioner as postione3_0_, equipment0_.sensor as sensor4_0_, equipment0_.valve as valve5_0_ from equipment equipment0_
Hibernate: delete from equipment where equipment_id=?
]]></system-out>
  <system-err><![CDATA[]]></system-err>
</testsuite>
