<?xml version="1.0" encoding="UTF-8"?>
<testsuite name="Scenario: User calls a rest endpoint to get Details about non exist equipment" tests="7" skipped="0" failures="0" errors="0" timestamp="2018-09-20T09:32:56" hostname="bahy-HP-255-G2-Notebook-PC" time="0.051">
  <properties/>
  <testcase name="When user authenticate with password &quot;test&quot;" classname="Scenario: User calls a rest endpoint to get Details about non exist equipment" time="0.0"/>
  <testcase name="Then the response status code should be 200" classname="Scenario: User calls a rest endpoint to get Details about non exist equipment" time="0.0"/>
  <testcase name="When user sends GET request to endpoint /equipment/225522u1 with content-type application/json and empty headers" classname="Scenario: User calls a rest endpoint to get Details about non exist equipment" time="0.0"/>
  <testcase name="Then the response status code should be 404" classname="Scenario: User calls a rest endpoint to get Details about non exist equipment" time="0.0"/>
  <testcase name="And the json response has &quot;apiError&quot; object" classname="Scenario: User calls a rest endpoint to get Details about non exist equipment" time="0.001"/>
  <testcase name="And the json response of the &quot;apiError&quot; should be like that" classname="Scenario: User calls a rest endpoint to get Details about non exist equipment" time="0.0"/>
  <testcase name="classMethod" classname="Scenario: User calls a rest endpoint to get Details about non exist equipment" time="0.111"/>
  <system-out><![CDATA[?[2m2018-09-20 11:32:56.176?[0;39m ?[32m INFO?[0;39m ?[35m6103?[0;39m ?[2m---?[0;39m ?[2m[    Test worker]?[0;39m ?[36mo.s.t.c.support.AbstractContextLoader   ?[0;39m ?[2m:?[0;39m Could not detect default resource locations for test class [memphis.AbstractIntegrationTest]: no resource found for suffixes {-context.xml, Context.groovy}.
?[2m2018-09-20 11:32:56.191?[0;39m ?[32m INFO?[0;39m ?[35m6103?[0;39m ?[2m---?[0;39m ?[2m[    Test worker]?[0;39m ?[36m.b.t.c.SpringBootTestContextBootstrapper?[0;39m ?[2m:?[0;39m Loaded default TestExecutionListener class names from location [META-INF/spring.factories]: [org.springframework.boot.test.autoconfigure.restdocs.RestDocsTestExecutionListener, org.springframework.boot.test.autoconfigure.web.client.MockRestServiceServerResetTestExecutionListener, org.springframework.boot.test.autoconfigure.web.servlet.MockMvcPrintOnlyOnFailureTestExecutionListener, org.springframework.boot.test.autoconfigure.web.servlet.WebDriverTestExecutionListener, org.springframework.boot.test.mock.mockito.MockitoTestExecutionListener, org.springframework.boot.test.mock.mockito.ResetMocksTestExecutionListener, org.springframework.test.context.web.ServletTestExecutionListener, org.springframework.test.context.support.DirtiesContextBeforeModesTestExecutionListener, org.springframework.test.context.support.DependencyInjectionTestExecutionListener, org.springframework.test.context.support.DirtiesContextTestExecutionListener, org.springframework.test.context.transaction.TransactionalTestExecutionListener, org.springframework.test.context.jdbc.SqlScriptsTestExecutionListener]
?[2m2018-09-20 11:32:56.192?[0;39m ?[32m INFO?[0;39m ?[35m6103?[0;39m ?[2m---?[0;39m ?[2m[    Test worker]?[0;39m ?[36m.b.t.c.SpringBootTestContextBootstrapper?[0;39m ?[2m:?[0;39m Using TestExecutionListeners: [org.springframework.test.context.web.ServletTestExecutionListener@68651ead, org.springframework.test.context.support.DirtiesContextBeforeModesTestExecutionListener@34db3832, org.springframework.boot.test.mock.mockito.MockitoTestExecutionListener@a3096a7, org.springframework.boot.test.autoconfigure.SpringBootDependencyInjectionTestExecutionListener@2403d41f, org.springframework.test.context.support.DirtiesContextTestExecutionListener@64532644, org.springframework.test.context.transaction.TransactionalTestExecutionListener@9249854, org.springframework.test.context.jdbc.SqlScriptsTestExecutionListener@72fb279, org.springframework.boot.test.autoconfigure.restdocs.RestDocsTestExecutionListener@3d362daf, org.springframework.boot.test.autoconfigure.web.client.MockRestServiceServerResetTestExecutionListener@40aa4d4b, org.springframework.boot.test.autoconfigure.web.servlet.MockMvcPrintOnlyOnFailureTestExecutionListener@6d618b32, org.springframework.boot.test.autoconfigure.web.servlet.WebDriverTestExecutionListener@1727509d, org.springframework.boot.test.mock.mockito.ResetMocksTestExecutionListener@1bf05c83]
?[2m2018-09-20 11:32:56.193?[0;39m ?[32m INFO?[0;39m ?[35m6103?[0;39m ?[2m---?[0;39m ?[2m[    Test worker]?[0;39m ?[36mo.s.b.f.s.DefaultListableBeanFactory    ?[0;39m ?[2m:?[0;39m Replacing scope 'cucumber-glue' from [cucumber.runtime.java.spring.GlueCodeScope@11ad79ad] to [cucumber.runtime.java.spring.GlueCodeScope@9a29aa3]
before implementation
Hibernate: select equipment0_.equipment_id as equipmen1_0_, equipment0_.actuator as actuator2_0_, equipment0_.postioner as postione3_0_, equipment0_.sensor as sensor4_0_, equipment0_.valve as valve5_0_ from equipment equipment0_
Hibernate: delete from equipment where equipment_id=?
]]></system-out>
  <system-err><![CDATA[]]></system-err>
</testsuite>
