<?xml version="1.0" encoding="UTF-8"?>
<testsuite name="Scenario: User calls a rest endpoint to update non exist equipment" tests="8" skipped="0" failures="0" errors="0" timestamp="2018-09-20T09:32:56" hostname="bahy-HP-255-G2-Notebook-PC" time="0.089">
  <properties/>
  <testcase name="When user authenticate with password &quot;test&quot;" classname="Scenario: User calls a rest endpoint to update non exist equipment" time="0.001"/>
  <testcase name="Then the response status code should be 200" classname="Scenario: User calls a rest endpoint to update non exist equipment" time="0.0"/>
  <testcase name="Given the following equipments" classname="Scenario: User calls a rest endpoint to update non exist equipment" time="0.001"/>
  <testcase name="When user sends PUT request to endpoint /equipment/225522u1 with content-type application/json and empty headers and body {&quot;valve&quot;: &quot;test&quot;, &quot;actuator&quot; :&quot;test&quot;,&quot;postioner&quot;:&quot;test&quot;,&quot;sensor&quot;:&quot;test&quot;}" classname="Scenario: User calls a rest endpoint to update non exist equipment" time="0.0"/>
  <testcase name="Then the response status code should be 404" classname="Scenario: User calls a rest endpoint to update non exist equipment" time="0.0"/>
  <testcase name="And the json response has &quot;apiError&quot; object" classname="Scenario: User calls a rest endpoint to update non exist equipment" time="0.0"/>
  <testcase name="And the json response of the &quot;apiError&quot; should be like that" classname="Scenario: User calls a rest endpoint to update non exist equipment" time="0.0"/>
  <testcase name="classMethod" classname="Scenario: User calls a rest endpoint to update non exist equipment" time="0.138"/>
  <system-out><![CDATA[?[2m2018-09-20 11:32:56.573?[0;39m ?[32m INFO?[0;39m ?[35m6103?[0;39m ?[2m---?[0;39m ?[2m[    Test worker]?[0;39m ?[36mo.s.t.c.support.AbstractContextLoader   ?[0;39m ?[2m:?[0;39m Could not detect default resource locations for test class [memphis.AbstractIntegrationTest]: no resource found for suffixes {-context.xml, Context.groovy}.
?[2m2018-09-20 11:32:56.588?[0;39m ?[32m INFO?[0;39m ?[35m6103?[0;39m ?[2m---?[0;39m ?[2m[    Test worker]?[0;39m ?[36m.b.t.c.SpringBootTestContextBootstrapper?[0;39m ?[2m:?[0;39m Loaded default TestExecutionListener class names from location [META-INF/spring.factories]: [org.springframework.boot.test.autoconfigure.restdocs.RestDocsTestExecutionListener, org.springframework.boot.test.autoconfigure.web.client.MockRestServiceServerResetTestExecutionListener, org.springframework.boot.test.autoconfigure.web.servlet.MockMvcPrintOnlyOnFailureTestExecutionListener, org.springframework.boot.test.autoconfigure.web.servlet.WebDriverTestExecutionListener, org.springframework.boot.test.mock.mockito.MockitoTestExecutionListener, org.springframework.boot.test.mock.mockito.ResetMocksTestExecutionListener, org.springframework.test.context.web.ServletTestExecutionListener, org.springframework.test.context.support.DirtiesContextBeforeModesTestExecutionListener, org.springframework.test.context.support.DependencyInjectionTestExecutionListener, org.springframework.test.context.support.DirtiesContextTestExecutionListener, org.springframework.test.context.transaction.TransactionalTestExecutionListener, org.springframework.test.context.jdbc.SqlScriptsTestExecutionListener]
?[2m2018-09-20 11:32:56.591?[0;39m ?[32m INFO?[0;39m ?[35m6103?[0;39m ?[2m---?[0;39m ?[2m[    Test worker]?[0;39m ?[36m.b.t.c.SpringBootTestContextBootstrapper?[0;39m ?[2m:?[0;39m Using TestExecutionListeners: [org.springframework.test.context.web.ServletTestExecutionListener@20a369d6, org.springframework.test.context.support.DirtiesContextBeforeModesTestExecutionListener@2c815794, org.springframework.boot.test.mock.mockito.MockitoTestExecutionListener@15f8f987, org.springframework.boot.test.autoconfigure.SpringBootDependencyInjectionTestExecutionListener@39115da9, org.springframework.test.context.support.DirtiesContextTestExecutionListener@2477e84, org.springframework.test.context.transaction.TransactionalTestExecutionListener@245cb4af, org.springframework.test.context.jdbc.SqlScriptsTestExecutionListener@763a4562, org.springframework.boot.test.autoconfigure.restdocs.RestDocsTestExecutionListener@45f5a219, org.springframework.boot.test.autoconfigure.web.client.MockRestServiceServerResetTestExecutionListener@7c7f477d, org.springframework.boot.test.autoconfigure.web.servlet.MockMvcPrintOnlyOnFailureTestExecutionListener@3d477d91, org.springframework.boot.test.autoconfigure.web.servlet.WebDriverTestExecutionListener@19f22e0e, org.springframework.boot.test.mock.mockito.ResetMocksTestExecutionListener@71ffa243]
?[2m2018-09-20 11:32:56.593?[0;39m ?[32m INFO?[0;39m ?[35m6103?[0;39m ?[2m---?[0;39m ?[2m[    Test worker]?[0;39m ?[36mo.s.b.f.s.DefaultListableBeanFactory    ?[0;39m ?[2m:?[0;39m Replacing scope 'cucumber-glue' from [cucumber.runtime.java.spring.GlueCodeScope@71c6bb34] to [cucumber.runtime.java.spring.GlueCodeScope@773d57ae]
before implementation
Hibernate: select equipment0_.equipment_id as equipmen1_0_, equipment0_.actuator as actuator2_0_, equipment0_.postioner as postione3_0_, equipment0_.sensor as sensor4_0_, equipment0_.valve as valve5_0_ from equipment equipment0_
]]></system-out>
  <system-err><![CDATA[]]></system-err>
</testsuite>
