<?xml version="1.0" encoding="UTF-8"?>
<testsuite name="Scenario: User calls a rest endpoint to get all Equipments" tests="8" skipped="0" failures="0" errors="0" timestamp="2018-09-20T09:32:55" hostname="bahy-HP-255-G2-Notebook-PC" time="0.45">
  <properties/>
  <testcase name="When user authenticate with password &quot;test&quot;" classname="Scenario: User calls a rest endpoint to get all Equipments" time="0.0"/>
  <testcase name="Then the response status code should be 200" classname="Scenario: User calls a rest endpoint to get all Equipments" time="0.0"/>
  <testcase name="Given the following equipments" classname="Scenario: User calls a rest endpoint to get all Equipments" time="0.0"/>
  <testcase name="When user sends GET request to endpoint /equipment/ with content-type application/json and empty headers" classname="Scenario: User calls a rest endpoint to get all Equipments" time="0.001"/>
  <testcase name="Then the response status code should be 200" classname="Scenario: User calls a rest endpoint to get all Equipments" time="0.001"/>
  <testcase name="And the json response has &quot;equipments&quot; object" classname="Scenario: User calls a rest endpoint to get all Equipments" time="0.002"/>
  <testcase name="And the &quot;equipments&quot; list size should be 2" classname="Scenario: User calls a rest endpoint to get all Equipments" time="0.0"/>
  <testcase name="classMethod" classname="Scenario: User calls a rest endpoint to get all Equipments" time="0.513"/>
  <system-out><![CDATA[?[2m2018-09-20 11:32:55.441?[0;39m ?[32m INFO?[0;39m ?[35m6103?[0;39m ?[2m---?[0;39m ?[2m[    Test worker]?[0;39m ?[36mo.s.t.c.support.AbstractContextLoader   ?[0;39m ?[2m:?[0;39m Could not detect default resource locations for test class [memphis.AbstractIntegrationTest]: no resource found for suffixes {-context.xml, Context.groovy}.
?[2m2018-09-20 11:32:55.461?[0;39m ?[32m INFO?[0;39m ?[35m6103?[0;39m ?[2m---?[0;39m ?[2m[    Test worker]?[0;39m ?[36m.b.t.c.SpringBootTestContextBootstrapper?[0;39m ?[2m:?[0;39m Loaded default TestExecutionListener class names from location [META-INF/spring.factories]: [org.springframework.boot.test.autoconfigure.restdocs.RestDocsTestExecutionListener, org.springframework.boot.test.autoconfigure.web.client.MockRestServiceServerResetTestExecutionListener, org.springframework.boot.test.autoconfigure.web.servlet.MockMvcPrintOnlyOnFailureTestExecutionListener, org.springframework.boot.test.autoconfigure.web.servlet.WebDriverTestExecutionListener, org.springframework.boot.test.mock.mockito.MockitoTestExecutionListener, org.springframework.boot.test.mock.mockito.ResetMocksTestExecutionListener, org.springframework.test.context.web.ServletTestExecutionListener, org.springframework.test.context.support.DirtiesContextBeforeModesTestExecutionListener, org.springframework.test.context.support.DependencyInjectionTestExecutionListener, org.springframework.test.context.support.DirtiesContextTestExecutionListener, org.springframework.test.context.transaction.TransactionalTestExecutionListener, org.springframework.test.context.jdbc.SqlScriptsTestExecutionListener]
?[2m2018-09-20 11:32:55.464?[0;39m ?[32m INFO?[0;39m ?[35m6103?[0;39m ?[2m---?[0;39m ?[2m[    Test worker]?[0;39m ?[36m.b.t.c.SpringBootTestContextBootstrapper?[0;39m ?[2m:?[0;39m Using TestExecutionListeners: [org.springframework.test.context.web.ServletTestExecutionListener@45cfaad6, org.springframework.test.context.support.DirtiesContextBeforeModesTestExecutionListener@c766bac, org.springframework.boot.test.mock.mockito.MockitoTestExecutionListener@558c7dce, org.springframework.boot.test.autoconfigure.SpringBootDependencyInjectionTestExecutionListener@50296efd, org.springframework.test.context.support.DirtiesContextTestExecutionListener@6808f734, org.springframework.test.context.transaction.TransactionalTestExecutionListener@579cda92, org.springframework.test.context.jdbc.SqlScriptsTestExecutionListener@6148afa2, org.springframework.boot.test.autoconfigure.restdocs.RestDocsTestExecutionListener@7a8d7bf0, org.springframework.boot.test.autoconfigure.web.client.MockRestServiceServerResetTestExecutionListener@551382c2, org.springframework.boot.test.autoconfigure.web.servlet.MockMvcPrintOnlyOnFailureTestExecutionListener@646a9ab8, org.springframework.boot.test.autoconfigure.web.servlet.WebDriverTestExecutionListener@407b0c28, org.springframework.boot.test.mock.mockito.ResetMocksTestExecutionListener@51b8bd2c]
?[2m2018-09-20 11:32:55.466?[0;39m ?[32m INFO?[0;39m ?[35m6103?[0;39m ?[2m---?[0;39m ?[2m[    Test worker]?[0;39m ?[36mo.s.b.f.s.DefaultListableBeanFactory    ?[0;39m ?[2m:?[0;39m Replacing scope 'cucumber-glue' from [cucumber.runtime.java.spring.GlueCodeScope@2a18c8b5] to [cucumber.runtime.java.spring.GlueCodeScope@18f4204b]
before implementation
Hibernate: select equipment0_.equipment_id as equipmen1_0_, equipment0_.actuator as actuator2_0_, equipment0_.postioner as postione3_0_, equipment0_.sensor as sensor4_0_, equipment0_.valve as valve5_0_ from equipment equipment0_
]]></system-out>
  <system-err><![CDATA[]]></system-err>
</testsuite>
