<?xml version="1.0" encoding="UTF-8"?>
<testsuite name="Scenario: User calls a rest endpoint to delete an equipment according to given equipment_id" tests="6" skipped="0" failures="0" errors="0" timestamp="2018-09-20T09:32:56" hostname="bahy-HP-255-G2-Notebook-PC" time="0.12">
  <properties/>
  <testcase name="When user authenticate with password &quot;test&quot;" classname="Scenario: User calls a rest endpoint to delete an equipment according to given equipment_id" time="0.0"/>
  <testcase name="Then the response status code should be 200" classname="Scenario: User calls a rest endpoint to delete an equipment according to given equipment_id" time="0.001"/>
  <testcase name="Given the following equipments" classname="Scenario: User calls a rest endpoint to delete an equipment according to given equipment_id" time="0.001"/>
  <testcase name="When user sends DELETE request to endpoint /equipment/22Y2071 with content-type application/json and empty headers" classname="Scenario: User calls a rest endpoint to delete an equipment according to given equipment_id" time="0.0"/>
  <testcase name="Then the response status code should be 204" classname="Scenario: User calls a rest endpoint to delete an equipment according to given equipment_id" time="0.0"/>
  <testcase name="classMethod" classname="Scenario: User calls a rest endpoint to delete an equipment according to given equipment_id" time="0.18"/>
  <system-out><![CDATA[?[2m2018-09-20 11:32:56.296?[0;39m ?[32m INFO?[0;39m ?[35m6103?[0;39m ?[2m---?[0;39m ?[2m[    Test worker]?[0;39m ?[36mo.s.t.c.support.AbstractContextLoader   ?[0;39m ?[2m:?[0;39m Could not detect default resource locations for test class [memphis.AbstractIntegrationTest]: no resource found for suffixes {-context.xml, Context.groovy}.
?[2m2018-09-20 11:32:56.321?[0;39m ?[32m INFO?[0;39m ?[35m6103?[0;39m ?[2m---?[0;39m ?[2m[    Test worker]?[0;39m ?[36m.b.t.c.SpringBootTestContextBootstrapper?[0;39m ?[2m:?[0;39m Loaded default TestExecutionListener class names from location [META-INF/spring.factories]: [org.springframework.boot.test.autoconfigure.restdocs.RestDocsTestExecutionListener, org.springframework.boot.test.autoconfigure.web.client.MockRestServiceServerResetTestExecutionListener, org.springframework.boot.test.autoconfigure.web.servlet.MockMvcPrintOnlyOnFailureTestExecutionListener, org.springframework.boot.test.autoconfigure.web.servlet.WebDriverTestExecutionListener, org.springframework.boot.test.mock.mockito.MockitoTestExecutionListener, org.springframework.boot.test.mock.mockito.ResetMocksTestExecutionListener, org.springframework.test.context.web.ServletTestExecutionListener, org.springframework.test.context.support.DirtiesContextBeforeModesTestExecutionListener, org.springframework.test.context.support.DependencyInjectionTestExecutionListener, org.springframework.test.context.support.DirtiesContextTestExecutionListener, org.springframework.test.context.transaction.TransactionalTestExecutionListener, org.springframework.test.context.jdbc.SqlScriptsTestExecutionListener]
?[2m2018-09-20 11:32:56.323?[0;39m ?[32m INFO?[0;39m ?[35m6103?[0;39m ?[2m---?[0;39m ?[2m[    Test worker]?[0;39m ?[36m.b.t.c.SpringBootTestContextBootstrapper?[0;39m ?[2m:?[0;39m Using TestExecutionListeners: [org.springframework.test.context.web.ServletTestExecutionListener@9fa2c5d, org.springframework.test.context.support.DirtiesContextBeforeModesTestExecutionListener@931eb4f, org.springframework.boot.test.mock.mockito.MockitoTestExecutionListener@5a26c02e, org.springframework.boot.test.autoconfigure.SpringBootDependencyInjectionTestExecutionListener@80af17c, org.springframework.test.context.support.DirtiesContextTestExecutionListener@504abce4, org.springframework.test.context.transaction.TransactionalTestExecutionListener@56a74e31, org.springframework.test.context.jdbc.SqlScriptsTestExecutionListener@3a6cc37b, org.springframework.boot.test.autoconfigure.restdocs.RestDocsTestExecutionListener@6532545b, org.springframework.boot.test.autoconfigure.web.client.MockRestServiceServerResetTestExecutionListener@609a7985, org.springframework.boot.test.autoconfigure.web.servlet.MockMvcPrintOnlyOnFailureTestExecutionListener@ca07561, org.springframework.boot.test.autoconfigure.web.servlet.WebDriverTestExecutionListener@508b1895, org.springframework.boot.test.mock.mockito.ResetMocksTestExecutionListener@276c0e53]
?[2m2018-09-20 11:32:56.324?[0;39m ?[32m INFO?[0;39m ?[35m6103?[0;39m ?[2m---?[0;39m ?[2m[    Test worker]?[0;39m ?[36mo.s.b.f.s.DefaultListableBeanFactory    ?[0;39m ?[2m:?[0;39m Replacing scope 'cucumber-glue' from [cucumber.runtime.java.spring.GlueCodeScope@9a29aa3] to [cucumber.runtime.java.spring.GlueCodeScope@14090d6a]
before implementation
Hibernate: select equipment0_.equipment_id as equipmen1_0_, equipment0_.actuator as actuator2_0_, equipment0_.postioner as postione3_0_, equipment0_.sensor as sensor4_0_, equipment0_.valve as valve5_0_ from equipment equipment0_
]]></system-out>
  <system-err><![CDATA[]]></system-err>
</testsuite>
