<?xml version="1.0" encoding="UTF-8"?>
<testsuite name="Scenario: user authenticate with bad password" tests="4" skipped="0" failures="0" errors="0" timestamp="2018-09-20T09:32:55" hostname="bahy-HP-255-G2-Notebook-PC" time="0.007">
  <properties/>
  <testcase name="When user authenticate with password &quot;test1&quot;" classname="Scenario: user authenticate with bad password" time="0.001"/>
  <testcase name="Then the response status code should be 401" classname="Scenario: user authenticate with bad password" time="0.0"/>
  <testcase name="And the json response has &quot;apiError&quot; object" classname="Scenario: user authenticate with bad password" time="0.001"/>
  <testcase name="classMethod" classname="Scenario: user authenticate with bad password" time="0.264"/>
  <system-out><![CDATA[?[2m2018-09-20 11:32:55.177?[0;39m ?[32m INFO?[0;39m ?[35m6103?[0;39m ?[2m---?[0;39m ?[2m[    Test worker]?[0;39m ?[36mo.s.t.c.support.AbstractContextLoader   ?[0;39m ?[2m:?[0;39m Could not detect default resource locations for test class [memphis.AbstractIntegrationTest]: no resource found for suffixes {-context.xml, Context.groovy}.
?[2m2018-09-20 11:32:55.200?[0;39m ?[32m INFO?[0;39m ?[35m6103?[0;39m ?[2m---?[0;39m ?[2m[    Test worker]?[0;39m ?[36m.b.t.c.SpringBootTestContextBootstrapper?[0;39m ?[2m:?[0;39m Loaded default TestExecutionListener class names from location [META-INF/spring.factories]: [org.springframework.boot.test.autoconfigure.restdocs.RestDocsTestExecutionListener, org.springframework.boot.test.autoconfigure.web.client.MockRestServiceServerResetTestExecutionListener, org.springframework.boot.test.autoconfigure.web.servlet.MockMvcPrintOnlyOnFailureTestExecutionListener, org.springframework.boot.test.autoconfigure.web.servlet.WebDriverTestExecutionListener, org.springframework.boot.test.mock.mockito.MockitoTestExecutionListener, org.springframework.boot.test.mock.mockito.ResetMocksTestExecutionListener, org.springframework.test.context.web.ServletTestExecutionListener, org.springframework.test.context.support.DirtiesContextBeforeModesTestExecutionListener, org.springframework.test.context.support.DependencyInjectionTestExecutionListener, org.springframework.test.context.support.DirtiesContextTestExecutionListener, org.springframework.test.context.transaction.TransactionalTestExecutionListener, org.springframework.test.context.jdbc.SqlScriptsTestExecutionListener]
?[2m2018-09-20 11:32:55.203?[0;39m ?[32m INFO?[0;39m ?[35m6103?[0;39m ?[2m---?[0;39m ?[2m[    Test worker]?[0;39m ?[36m.b.t.c.SpringBootTestContextBootstrapper?[0;39m ?[2m:?[0;39m Using TestExecutionListeners: [org.springframework.test.context.web.ServletTestExecutionListener@3e4c82d1, org.springframework.test.context.support.DirtiesContextBeforeModesTestExecutionListener@44dee546, org.springframework.boot.test.mock.mockito.MockitoTestExecutionListener@5bb4c341, org.springframework.boot.test.autoconfigure.SpringBootDependencyInjectionTestExecutionListener@2a97ae4, org.springframework.test.context.support.DirtiesContextTestExecutionListener@58a93a6a, org.springframework.test.context.transaction.TransactionalTestExecutionListener@6bee00ec, org.springframework.test.context.jdbc.SqlScriptsTestExecutionListener@163d681b, org.springframework.boot.test.autoconfigure.restdocs.RestDocsTestExecutionListener@5f8a4e62, org.springframework.boot.test.autoconfigure.web.client.MockRestServiceServerResetTestExecutionListener@4e614593, org.springframework.boot.test.autoconfigure.web.servlet.MockMvcPrintOnlyOnFailureTestExecutionListener@5593c5d3, org.springframework.boot.test.autoconfigure.web.servlet.WebDriverTestExecutionListener@281302ca, org.springframework.boot.test.mock.mockito.ResetMocksTestExecutionListener@2567b0f4]
?[2m2018-09-20 11:32:55.204?[0;39m ?[32m INFO?[0;39m ?[35m6103?[0;39m ?[2m---?[0;39m ?[2m[    Test worker]?[0;39m ?[36mo.s.b.f.s.DefaultListableBeanFactory    ?[0;39m ?[2m:?[0;39m Replacing scope 'cucumber-glue' from [cucumber.runtime.java.spring.GlueCodeScope@616e2416] to [cucumber.runtime.java.spring.GlueCodeScope@2a18c8b5]
before implementation
Hibernate: select equipment0_.equipment_id as equipmen1_0_, equipment0_.actuator as actuator2_0_, equipment0_.postioner as postione3_0_, equipment0_.sensor as sensor4_0_, equipment0_.valve as valve5_0_ from equipment equipment0_
?[2m2018-09-20 11:32:55.237?[0;39m ?[31mERROR?[0;39m ?[35m6103?[0;39m ?[2m---?[0;39m ?[2m[    Test worker]?[0;39m ?[36mm.a.r.e.exceptionHandleController       ?[0;39m ?[2m:?[0;39m Error: APP1-EQUIPMENT-ERROR-004 / Wrong auth data
]]></system-out>
  <system-err><![CDATA[]]></system-err>
</testsuite>
