<?xml version="1.0" encoding="UTF-8"?>
<testsuite name="Scenario: User calls a rest endpoint to create already exist equipment" tests="8" skipped="0" failures="0" errors="0" timestamp="2018-09-20T09:32:57" hostname="bahy-HP-255-G2-Notebook-PC" time="0.121">
  <properties/>
  <testcase name="When user authenticate with password &quot;test&quot;" classname="Scenario: User calls a rest endpoint to create already exist equipment" time="0.001"/>
  <testcase name="Then the response status code should be 200" classname="Scenario: User calls a rest endpoint to create already exist equipment" time="0.0"/>
  <testcase name="Given the following equipments" classname="Scenario: User calls a rest endpoint to create already exist equipment" time="0.0"/>
  <testcase name="When user sends POST request to endpoint /equipment/ with content-type application/json and empty headers and body {&quot;equipment_id&quot;:&quot;22Y2071&quot;,&quot;valve&quot;:&quot;2Y2071-valve&quot;,&quot;actuator&quot; :&quot;22Y2071-actuator&quot;,&quot;postioner&quot;:&quot;22Y2071&quot;,&quot;sensor&quot;:&quot;V022 AB22 Y2071&quot;}" classname="Scenario: User calls a rest endpoint to create already exist equipment" time="0.0"/>
  <testcase name="Then the response status code should be 403" classname="Scenario: User calls a rest endpoint to create already exist equipment" time="0.0"/>
  <testcase name="And the json response has &quot;apiError&quot; object" classname="Scenario: User calls a rest endpoint to create already exist equipment" time="0.0"/>
  <testcase name="And the json response of the &quot;apiError&quot; should be like that" classname="Scenario: User calls a rest endpoint to create already exist equipment" time="0.0"/>
  <testcase name="classMethod" classname="Scenario: User calls a rest endpoint to create already exist equipment" time="0.205"/>
  <system-out><![CDATA[?[2m2018-09-20 11:32:57.583?[0;39m ?[32m INFO?[0;39m ?[35m6103?[0;39m ?[2m---?[0;39m ?[2m[    Test worker]?[0;39m ?[36mo.s.t.c.support.AbstractContextLoader   ?[0;39m ?[2m:?[0;39m Could not detect default resource locations for test class [memphis.AbstractIntegrationTest]: no resource found for suffixes {-context.xml, Context.groovy}.
?[2m2018-09-20 11:32:57.598?[0;39m ?[32m INFO?[0;39m ?[35m6103?[0;39m ?[2m---?[0;39m ?[2m[    Test worker]?[0;39m ?[36m.b.t.c.SpringBootTestContextBootstrapper?[0;39m ?[2m:?[0;39m Loaded default TestExecutionListener class names from location [META-INF/spring.factories]: [org.springframework.boot.test.autoconfigure.restdocs.RestDocsTestExecutionListener, org.springframework.boot.test.autoconfigure.web.client.MockRestServiceServerResetTestExecutionListener, org.springframework.boot.test.autoconfigure.web.servlet.MockMvcPrintOnlyOnFailureTestExecutionListener, org.springframework.boot.test.autoconfigure.web.servlet.WebDriverTestExecutionListener, org.springframework.boot.test.mock.mockito.MockitoTestExecutionListener, org.springframework.boot.test.mock.mockito.ResetMocksTestExecutionListener, org.springframework.test.context.web.ServletTestExecutionListener, org.springframework.test.context.support.DirtiesContextBeforeModesTestExecutionListener, org.springframework.test.context.support.DependencyInjectionTestExecutionListener, org.springframework.test.context.support.DirtiesContextTestExecutionListener, org.springframework.test.context.transaction.TransactionalTestExecutionListener, org.springframework.test.context.jdbc.SqlScriptsTestExecutionListener]
?[2m2018-09-20 11:32:57.602?[0;39m ?[32m INFO?[0;39m ?[35m6103?[0;39m ?[2m---?[0;39m ?[2m[    Test worker]?[0;39m ?[36m.b.t.c.SpringBootTestContextBootstrapper?[0;39m ?[2m:?[0;39m Using TestExecutionListeners: [org.springframework.test.context.web.ServletTestExecutionListener@509b9afa, org.springframework.test.context.support.DirtiesContextBeforeModesTestExecutionListener@6ec479b2, org.springframework.boot.test.mock.mockito.MockitoTestExecutionListener@1d7e19c3, org.springframework.boot.test.autoconfigure.SpringBootDependencyInjectionTestExecutionListener@3f22a6e3, org.springframework.test.context.support.DirtiesContextTestExecutionListener@3362b7b7, org.springframework.test.context.transaction.TransactionalTestExecutionListener@7e264180, org.springframework.test.context.jdbc.SqlScriptsTestExecutionListener@137bef86, org.springframework.boot.test.autoconfigure.restdocs.RestDocsTestExecutionListener@39c446b4, org.springframework.boot.test.autoconfigure.web.client.MockRestServiceServerResetTestExecutionListener@1fbd8134, org.springframework.boot.test.autoconfigure.web.servlet.MockMvcPrintOnlyOnFailureTestExecutionListener@535be902, org.springframework.boot.test.autoconfigure.web.servlet.WebDriverTestExecutionListener@1f902b30, org.springframework.boot.test.mock.mockito.ResetMocksTestExecutionListener@4fa3f90]
?[2m2018-09-20 11:32:57.613?[0;39m ?[32m INFO?[0;39m ?[35m6103?[0;39m ?[2m---?[0;39m ?[2m[    Test worker]?[0;39m ?[36mo.s.b.f.s.DefaultListableBeanFactory    ?[0;39m ?[2m:?[0;39m Replacing scope 'cucumber-glue' from [cucumber.runtime.java.spring.GlueCodeScope@4e378334] to [cucumber.runtime.java.spring.GlueCodeScope@77bdba1a]
before implementation
Hibernate: select equipment0_.equipment_id as equipmen1_0_, equipment0_.actuator as actuator2_0_, equipment0_.postioner as postione3_0_, equipment0_.sensor as sensor4_0_, equipment0_.valve as valve5_0_ from equipment equipment0_
]]></system-out>
  <system-err><![CDATA[]]></system-err>
</testsuite>
