<?xml version="1.0" encoding="UTF-8"?>
<testsuite name="memphis.api.rest.v1.EquipmentControllerTest" tests="4" skipped="0" failures="0" errors="0" timestamp="2018-09-20T09:32:17" hostname="bahy-HP-255-G2-Notebook-PC" time="1.255">
  <properties/>
  <testcase name="should get all equipments" classname="memphis.api.rest.v1.EquipmentControllerTest" time="0.818"/>
  <testcase name="should get an equipments " classname="memphis.api.rest.v1.EquipmentControllerTest" time="0.298"/>
  <testcase name="should add the equipment" classname="memphis.api.rest.v1.EquipmentControllerTest" time="0.134"/>
  <testcase name="should delete the equipment" classname="memphis.api.rest.v1.EquipmentControllerTest" time="0.005"/>
  <system-out><![CDATA[]]></system-out>
  <system-err><![CDATA[]]></system-err>
</testsuite>
