<?xml version="1.0" encoding="UTF-8"?>
<testsuite name="memphis.generator.AuthTokenGeneratorImplSpec" tests="2" skipped="0" failures="0" errors="0" timestamp="2018-09-20T09:32:16" hostname="bahy-HP-255-G2-Notebook-PC" time="0.629">
  <properties/>
  <testcase name="should generate jwt token" classname="memphis.generator.AuthTokenGeneratorImplSpec" time="0.576"/>
  <testcase name="should add seconds to expire date" classname="memphis.generator.AuthTokenGeneratorImplSpec" time="0.051"/>
  <system-out><![CDATA[]]></system-out>
  <system-err><![CDATA[]]></system-err>
</testsuite>
