<?xml version="1.0" encoding="UTF-8"?>
<testsuite name="memphis.api.rest.v1.AuthControllerSpec" tests="1" skipped="0" failures="0" errors="0" timestamp="2018-09-20T09:32:17" hostname="bahy-HP-255-G2-Notebook-PC" time="0.231">
  <properties/>
  <testcase name="user should authorize" classname="memphis.api.rest.v1.AuthControllerSpec" time="0.231"/>
  <system-out><![CDATA[]]></system-out>
  <system-err><![CDATA[]]></system-err>
</testsuite>
