<?xml version="1.0" encoding="UTF-8"?>
<testsuite name="memphis.api.rest.v1.HealthControllerSpec" tests="1" skipped="0" failures="0" errors="0" timestamp="2018-09-20T09:32:18" hostname="bahy-HP-255-G2-Notebook-PC" time="0.026">
  <properties/>
  <testcase name="should get health" classname="memphis.api.rest.v1.HealthControllerSpec" time="0.026"/>
  <system-out><![CDATA[]]></system-out>
  <system-err><![CDATA[]]></system-err>
</testsuite>
